CameraXtestKotlin/app/build/intermediates/manifest_merge_blame_file/debug/manifest-merger-blame-debug-report.txt
1<?xml version="1.0" encoding="utf-8"?>
2<manifest xmlns:android="http://schemas.android.com/apk/res/android"
3    package="com.example.cameraxtestkotlin"
4    android:versionCode="1"
5    android:versionName="1.0" >
6
7    <uses-sdk
8        android:minSdkVersion="21"
8-->src\main\AndroidManifest.xml
9        android:targetSdkVersion="29" />
9-->src\main\AndroidManifest.xml
10
11    <uses-permission android:name="android.permission.CAMERA" />
11-->src\main\AndroidManifest.xml:4:5-64
11-->src\main\AndroidManifest.xml:4:22-62
12
13    <!-- other permissions go here -->
14    <application
14-->src\main\AndroidManifest.xml:6:5-20:19
15        android:allowBackup="true"
15-->src\main\AndroidManifest.xml:7:9-35
16        android:appComponentFactory="androidx.core.app.CoreComponentFactory"
16-->[androidx.core:core:1.1.0] AndroidManifest.xml:24:18-86
17        android:debuggable="true"
18        android:icon="@mipmap/ic_launcher"
18-->src\main\AndroidManifest.xml:8:9-43
19        android:label="@string/app_name"
19-->src\main\AndroidManifest.xml:9:9-41
20        android:roundIcon="@mipmap/ic_launcher_round"
20-->src\main\AndroidManifest.xml:10:9-54
21        android:supportsRtl="true"
21-->src\main\AndroidManifest.xml:11:9-35
22        android:testOnly="true"
23        android:theme="@style/AppTheme" >
23-->src\main\AndroidManifest.xml:12:9-40
24        <activity android:name="com.example.cameraxtestkotlin.MainActivity" >
24-->src\main\AndroidManifest.xml:13:9-19:20
24-->src\main\AndroidManifest.xml:13:19-47
25            <intent-filter>
25-->src\main\AndroidManifest.xml:14:13-18:29
26                <action android:name="android.intent.action.MAIN" />
26-->src\main\AndroidManifest.xml:15:17-69
26-->src\main\AndroidManifest.xml:15:25-66
27
28                <category android:name="android.intent.category.LAUNCHER" />
28-->src\main\AndroidManifest.xml:17:17-77
28-->src\main\AndroidManifest.xml:17:27-74
29            </intent-filter>
30        </activity>
31
32        <provider
32-->[androidx.camera:camera-camera2:1.0.0-alpha06] AndroidManifest.xml:25:9-30:43
33            android:name="androidx.camera.camera2.impl.Camera2Initializer"
33-->[androidx.camera:camera-camera2:1.0.0-alpha06] AndroidManifest.xml:26:13-75
34            android:authorities="com.example.cameraxtestkotlin.camerax-init"
34-->[androidx.camera:camera-camera2:1.0.0-alpha06] AndroidManifest.xml:27:13-64
35            android:exported="false"
35-->[androidx.camera:camera-camera2:1.0.0-alpha06] AndroidManifest.xml:28:13-37
36            android:initOrder="100"
36-->[androidx.camera:camera-camera2:1.0.0-alpha06] AndroidManifest.xml:29:13-36
37            android:multiprocess="true" />
37-->[androidx.camera:camera-camera2:1.0.0-alpha06] AndroidManifest.xml:30:13-40
38    </application>
39
40</manifest>